arguments: Namespace(alpha=0.3, batch_size=1024, dataset='amazon_book', dropout=0.0, epochs=10, eval_freq=2000, factor_num=32, gpu='6', lr=0.001, model='GMF', num_layers=3, num_ng=1, out=True, top_k=[50, 100]) 
config model GMF
config data path ../data/amazon_book/
config model path ./models/amazon_book/
user, item num
80464 98663
data loaded! user_num:80464, item_num:98663 train_data_len:2714021 test_user_num:80349
/storage/wjwang/anaconda3/lib/python3.7/site-packages/torch/nn/_reduction.py:43: UserWarning: size_average and reduce args will be deprecated, please use reduction='none' instead.
  warnings.warn(warning.format(ret))
epoch: 0, iter: 2000, loss:0.5297209024429321
################### EVAL ######################
Eval loss:353.4803466796875
epoch: 0, iter: 4000, loss:0.3808252513408661
################### EVAL ######################
Eval loss:261.0812072753906
epoch: 1, iter: 6000, loss:0.28143584728240967
################### EVAL ######################
Eval loss:210.13519287109375
epoch: 1, iter: 8000, loss:0.25394344329833984
################### EVAL ######################
Eval loss:180.82615661621094
epoch: 1, iter: 10000, loss:0.2044861614704132
################### EVAL ######################
Eval loss:160.363525390625
epoch: 2, iter: 12000, loss:0.171150803565979
################### EVAL ######################
Eval loss:147.44969177246094
epoch: 2, iter: 14000, loss:0.1806086301803589
################### EVAL ######################
Eval loss:137.7972869873047
epoch: 3, iter: 16000, loss:0.12165793031454086
################### EVAL ######################
Eval loss:131.97508239746094
epoch: 3, iter: 18000, loss:0.13128980994224548
################### EVAL ######################
Eval loss:127.67232513427734
epoch: 3, iter: 20000, loss:0.12479846179485321
################### EVAL ######################
Eval loss:123.4837417602539
epoch: 4, iter: 22000, loss:0.10898648947477341
################### EVAL ######################
Eval loss:124.53971862792969
epoch: 4, iter: 24000, loss:0.11460743099451065
################### EVAL ######################
Eval loss:120.20425415039062
epoch: 4, iter: 26000, loss:0.11482000350952148
################### EVAL ######################
Eval loss:116.7041244506836
epoch: 5, iter: 28000, loss:0.08540962636470795
################### EVAL ######################
Eval loss:120.2519760131836
epoch: 5, iter: 30000, loss:0.10370644181966782
################### EVAL ######################
Eval loss:116.48284912109375
epoch: 6, iter: 32000, loss:0.06179645285010338
################### EVAL ######################
Eval loss:118.88525390625
epoch: 6, iter: 34000, loss:0.06773039698600769
################### EVAL ######################
Eval loss:116.79551696777344
epoch: 6, iter: 36000, loss:0.08063870668411255
################### EVAL ######################
Eval loss:113.37150573730469
epoch: 7, iter: 38000, loss:0.06571480631828308
################### EVAL ######################
Eval loss:118.89329528808594
epoch: 7, iter: 40000, loss:0.06528589129447937
################### EVAL ######################
Eval loss:114.13146209716797
epoch: 7, iter: 42000, loss:0.057399481534957886
################### EVAL ######################
Eval loss:110.71004486083984
epoch: 8, iter: 44000, loss:0.051956407725811005
################### EVAL ######################
Eval loss:115.7726821899414
epoch: 8, iter: 46000, loss:0.06403502821922302
################### EVAL ######################
Eval loss:111.58621978759766
epoch: 9, iter: 48000, loss:0.04193980246782303
################### EVAL ######################
Eval loss:115.80693054199219
epoch: 9, iter: 50000, loss:0.04997865855693817
################### EVAL ######################
Eval loss:112.5503158569336
epoch: 9, iter: 52000, loss:0.0535634309053421
################### EVAL ######################
Eval loss:108.8948745727539
############################## Training End. ##############################
################### TEST ######################
Recall 0.0682-0.1075
NDCG 0.0275-0.0362
