arguments: Namespace(batch_size=1024, dataset='adressa', drop_rate=0.0, dropout=0.0, epochs=10, eval_freq=100, exponent=1, factor_num=32, gpu='6', lr=0.001, model='GMF', num_gradual=0, num_layers=3, num_ng=1, out=True, top_k=[3, 20]) 
config model GMF
config data path ../data/adressa/
config model path ./models/adressa/
user, item num
212231 6596
data loaded! user_num:212231, item_num:6596 train_data_len:419491 test_user_num:10380
/storage/wjwang/anaconda3/lib/python3.7/site-packages/torch/nn/_reduction.py:43: UserWarning: size_average and reduce args will be deprecated, please use reduction='none' instead.
  warnings.warn(warning.format(ret))
epoch: 0, iter: 100, loss:0.6931453943252563
################### EVAL ######################
Eval loss:72.78021240234375
epoch: 0, iter: 200, loss:0.6928632259368896
################### EVAL ######################
Eval loss:72.76859283447266
epoch: 0, iter: 300, loss:0.6864467859268188
################### EVAL ######################
Eval loss:72.56199645996094
epoch: 0, iter: 400, loss:0.6546567678451538
################### EVAL ######################
Eval loss:71.57617950439453
epoch: 0, iter: 500, loss:0.5836234092712402
################### EVAL ######################
Eval loss:69.34029388427734
epoch: 0, iter: 600, loss:0.500801682472229
################### EVAL ######################
Eval loss:66.5782699584961
epoch: 0, iter: 700, loss:0.41418278217315674
################### EVAL ######################
Eval loss:64.28878021240234
epoch: 0, iter: 800, loss:0.3418441712856293
################### EVAL ######################
Eval loss:63.09816360473633
epoch: 1, iter: 900, loss:0.2499457746744156
################### EVAL ######################
Eval loss:63.15364074707031
epoch: 1, iter: 1000, loss:0.20667651295661926
################### EVAL ######################
Eval loss:63.370670318603516
epoch: 1, iter: 1100, loss:0.18533416092395782
################### EVAL ######################
Eval loss:64.18578338623047
epoch: 1, iter: 1200, loss:0.17260323464870453
################### EVAL ######################
Eval loss:65.04600524902344
epoch: 1, iter: 1300, loss:0.14490079879760742
################### EVAL ######################
Eval loss:66.2777099609375
epoch: 1, iter: 1400, loss:0.16413095593452454
################### EVAL ######################
Eval loss:67.3252944946289
epoch: 1, iter: 1500, loss:0.1280345320701599
################### EVAL ######################
Eval loss:68.4878921508789
epoch: 1, iter: 1600, loss:0.12722446024417877
################### EVAL ######################
Eval loss:69.6211166381836
epoch: 2, iter: 1700, loss:0.11078421771526337
################### EVAL ######################
Eval loss:71.1021499633789
epoch: 2, iter: 1800, loss:0.09142478555440903
################### EVAL ######################
Eval loss:72.52226257324219
epoch: 2, iter: 1900, loss:0.11739383637905121
################### EVAL ######################
Eval loss:73.8460464477539
epoch: 2, iter: 2000, loss:0.11835310608148575
################### EVAL ######################
Eval loss:75.05303192138672
epoch: 2, iter: 2100, loss:0.08743772655725479
################### EVAL ######################
Eval loss:76.23394012451172
epoch: 2, iter: 2200, loss:0.08552732318639755
################### EVAL ######################
Eval loss:76.98704528808594
epoch: 2, iter: 2300, loss:0.13424339890480042
################### EVAL ######################
Eval loss:77.84608459472656
epoch: 2, iter: 2400, loss:0.08085023611783981
################### EVAL ######################
Eval loss:78.29035186767578
epoch: 3, iter: 2500, loss:0.0927770733833313
################### EVAL ######################
Eval loss:79.21246337890625
epoch: 3, iter: 2600, loss:0.0850861668586731
################### EVAL ######################
Eval loss:79.91287994384766
epoch: 3, iter: 2700, loss:0.0699421688914299
################### EVAL ######################
Eval loss:80.3342056274414
epoch: 3, iter: 2800, loss:0.08636246621608734
################### EVAL ######################
Eval loss:80.41338348388672
epoch: 3, iter: 2900, loss:0.1037479117512703
################### EVAL ######################
Eval loss:80.78987884521484
epoch: 3, iter: 3000, loss:0.09502215683460236
################### EVAL ######################
Eval loss:81.37089538574219
epoch: 3, iter: 3100, loss:0.08303772658109665
################### EVAL ######################
Eval loss:82.3427963256836
epoch: 3, iter: 3200, loss:0.11481833457946777
################### EVAL ######################
Eval loss:81.76382446289062
epoch: 4, iter: 3300, loss:0.07742654532194138
################### EVAL ######################
Eval loss:81.90109252929688
epoch: 4, iter: 3400, loss:0.07139576971530914
################### EVAL ######################
Eval loss:83.07681274414062
epoch: 4, iter: 3500, loss:0.0817263126373291
################### EVAL ######################
Eval loss:83.2497787475586
epoch: 4, iter: 3600, loss:0.07867477089166641
################### EVAL ######################
Eval loss:83.16703796386719
epoch: 4, iter: 3700, loss:0.0790080577135086
################### EVAL ######################
Eval loss:83.64936828613281
epoch: 4, iter: 3800, loss:0.10839331150054932
################### EVAL ######################
Eval loss:84.35697174072266
epoch: 4, iter: 3900, loss:0.09955070912837982
################### EVAL ######################
Eval loss:83.69776153564453
epoch: 4, iter: 4000, loss:0.07728365063667297
################### EVAL ######################
Eval loss:83.91429138183594
epoch: 5, iter: 4100, loss:0.08987180143594742
################### EVAL ######################
Eval loss:83.4075927734375
epoch: 5, iter: 4200, loss:0.0945395827293396
################### EVAL ######################
Eval loss:84.0080337524414
epoch: 5, iter: 4300, loss:0.08357365429401398
################### EVAL ######################
Eval loss:85.16370391845703
epoch: 5, iter: 4400, loss:0.07387855648994446
################### EVAL ######################
Eval loss:85.83393859863281
epoch: 5, iter: 4500, loss:0.062372323125600815
################### EVAL ######################
Eval loss:85.86152648925781
epoch: 5, iter: 4600, loss:0.08678653091192245
################### EVAL ######################
Eval loss:85.84983825683594
epoch: 5, iter: 4700, loss:0.08668554574251175
################### EVAL ######################
Eval loss:85.57361602783203
epoch: 5, iter: 4800, loss:0.08509154617786407
################### EVAL ######################
Eval loss:85.7339859008789
epoch: 5, iter: 4900, loss:0.06957264244556427
################### EVAL ######################
Eval loss:85.0654067993164
epoch: 6, iter: 5000, loss:0.08555123955011368
################### EVAL ######################
Eval loss:86.2772445678711
epoch: 6, iter: 5100, loss:0.06425430625677109
################### EVAL ######################
Eval loss:86.26118469238281
epoch: 6, iter: 5200, loss:0.10479936748743057
################### EVAL ######################
Eval loss:86.74381256103516
epoch: 6, iter: 5300, loss:0.07045683264732361
################### EVAL ######################
Eval loss:86.67800903320312
epoch: 6, iter: 5400, loss:0.07741475105285645
################### EVAL ######################
Eval loss:87.23661041259766
epoch: 6, iter: 5500, loss:0.08425145596265793
################### EVAL ######################
Eval loss:87.2166748046875
epoch: 6, iter: 5600, loss:0.07325808703899384
################### EVAL ######################
Eval loss:86.82099151611328
epoch: 6, iter: 5700, loss:0.06377971917390823
################### EVAL ######################
Eval loss:87.14325714111328
epoch: 7, iter: 5800, loss:0.06017187982797623
################### EVAL ######################
Eval loss:87.16061401367188
epoch: 7, iter: 5900, loss:0.08396574854850769
################### EVAL ######################
Eval loss:87.67790985107422
epoch: 7, iter: 6000, loss:0.07134999334812164
################### EVAL ######################
Eval loss:87.82620239257812
epoch: 7, iter: 6100, loss:0.0738525390625
################### EVAL ######################
Eval loss:88.08821868896484
epoch: 7, iter: 6200, loss:0.09535610675811768
################### EVAL ######################
Eval loss:87.54986572265625
epoch: 7, iter: 6300, loss:0.07230942696332932
################### EVAL ######################
Eval loss:87.67918395996094
epoch: 7, iter: 6400, loss:0.06962291151285172
################### EVAL ######################
Eval loss:87.69445037841797
epoch: 7, iter: 6500, loss:0.06738346070051193
################### EVAL ######################
Eval loss:87.283203125
epoch: 8, iter: 6600, loss:0.06569205224514008
################### EVAL ######################
Eval loss:86.4832992553711
epoch: 8, iter: 6700, loss:0.05105528235435486
################### EVAL ######################
Eval loss:87.98736572265625
epoch: 8, iter: 6800, loss:0.06320255994796753
################### EVAL ######################
Eval loss:88.48811340332031
epoch: 8, iter: 6900, loss:0.04305306077003479
################### EVAL ######################
Eval loss:88.39175415039062
epoch: 8, iter: 7000, loss:0.06037633493542671
################### EVAL ######################
Eval loss:88.61201477050781
epoch: 8, iter: 7100, loss:0.055240001529455185
################### EVAL ######################
Eval loss:88.71908569335938
epoch: 8, iter: 7200, loss:0.0666084960103035
################### EVAL ######################
Eval loss:88.18572998046875
epoch: 8, iter: 7300, loss:0.054711952805519104
################### EVAL ######################
Eval loss:87.7528305053711
epoch: 9, iter: 7400, loss:0.04717797785997391
################### EVAL ######################
Eval loss:87.5545654296875
epoch: 9, iter: 7500, loss:0.06507407128810883
################### EVAL ######################
Eval loss:88.65721893310547
epoch: 9, iter: 7600, loss:0.04848369210958481
################### EVAL ######################
Eval loss:89.37205505371094
epoch: 9, iter: 7700, loss:0.046175338327884674
################### EVAL ######################
Eval loss:89.47533416748047
epoch: 9, iter: 7800, loss:0.040450211614370346
################### EVAL ######################
Eval loss:90.00148010253906
epoch: 9, iter: 7900, loss:0.057356253266334534
################### EVAL ######################
Eval loss:89.56790161132812
epoch: 9, iter: 8000, loss:0.06782491505146027
################### EVAL ######################
Eval loss:90.50715637207031
epoch: 9, iter: 8100, loss:0.06175602972507477
################### EVAL ######################
Eval loss:89.86882019042969
############################## Training End. ##############################
################### TEST ######################
Recall 0.0880-0.2141
NDCG 0.0780-0.1237
