arguments: Namespace(batch_size=1024, dataset='amazon_book', drop_rate=0.0, dropout=0.0, epochs=10, eval_freq=2000, exponent=1, factor_num=32, gpu='5', lr=0.001, model='GMF', num_gradual=0, num_layers=3, num_ng=1, out=True, top_k=[50, 100]) 
config model GMF
config data path ../data/amazon_book/
config model path ./models/amazon_book/
user, item num
80464 98663
data loaded! user_num:80464, item_num:98663 train_data_len:2714021 test_user_num:80349
/storage/wjwang/anaconda3/lib/python3.7/site-packages/torch/nn/_reduction.py:43: UserWarning: size_average and reduce args will be deprecated, please use reduction='none' instead.
  warnings.warn(warning.format(ret))
epoch: 0, iter: 2000, loss:0.6499936580657959
################### EVAL ######################
Eval loss:433.6876525878906
epoch: 0, iter: 4000, loss:0.49709901213645935
################### EVAL ######################
Eval loss:343.45867919921875
epoch: 1, iter: 6000, loss:0.3893616795539856
################### EVAL ######################
Eval loss:299.2289733886719
epoch: 1, iter: 8000, loss:0.37288588285446167
################### EVAL ######################
Eval loss:270.6390380859375
epoch: 1, iter: 10000, loss:0.310936838388443
################### EVAL ######################
Eval loss:249.48138427734375
epoch: 2, iter: 12000, loss:0.26459985971450806
################### EVAL ######################
Eval loss:243.19387817382812
epoch: 2, iter: 14000, loss:0.2921231985092163
################### EVAL ######################
Eval loss:236.81939697265625
epoch: 3, iter: 16000, loss:0.2110045850276947
################### EVAL ######################
Eval loss:232.06912231445312
epoch: 3, iter: 18000, loss:0.23050975799560547
################### EVAL ######################
Eval loss:237.83883666992188
epoch: 3, iter: 20000, loss:0.2234073281288147
################### EVAL ######################
Eval loss:235.8975830078125
epoch: 4, iter: 22000, loss:0.20785008370876312
################### EVAL ######################
Eval loss:245.18043518066406
epoch: 4, iter: 24000, loss:0.19576159119606018
################### EVAL ######################
Eval loss:249.49485778808594
epoch: 4, iter: 26000, loss:0.22020965814590454
################### EVAL ######################
Eval loss:246.24522399902344
epoch: 5, iter: 28000, loss:0.15030133724212646
################### EVAL ######################
Eval loss:265.8829345703125
epoch: 5, iter: 30000, loss:0.2153731733560562
################### EVAL ######################
Eval loss:267.53558349609375
epoch: 6, iter: 32000, loss:0.11986543238162994
################### EVAL ######################
Eval loss:278.9278564453125
epoch: 6, iter: 34000, loss:0.1364588439464569
################### EVAL ######################
Eval loss:287.2908020019531
epoch: 6, iter: 36000, loss:0.16371899843215942
################### EVAL ######################
Eval loss:286.0762939453125
epoch: 7, iter: 38000, loss:0.15169160068035126
################### EVAL ######################
Eval loss:307.6204833984375
epoch: 7, iter: 40000, loss:0.12742212414741516
################### EVAL ######################
Eval loss:309.7198181152344
epoch: 7, iter: 42000, loss:0.13710753619670868
################### EVAL ######################
Eval loss:306.04901123046875
epoch: 8, iter: 44000, loss:0.13142597675323486
################### EVAL ######################
Eval loss:331.58880615234375
epoch: 8, iter: 46000, loss:0.16639870405197144
################### EVAL ######################
Eval loss:330.62237548828125
epoch: 9, iter: 48000, loss:0.09843866527080536
################### EVAL ######################
Eval loss:348.4645080566406
epoch: 9, iter: 50000, loss:0.11602160334587097
################### EVAL ######################
Eval loss:352.67315673828125
epoch: 9, iter: 52000, loss:0.12806063890457153
################### EVAL ######################
Eval loss:350.22100830078125
############################## Training End. ##############################
################### TEST ######################
Recall 0.0609-0.0949
NDCG 0.0256-0.0331
