arguments: Namespace(alpha=0.25, batch_size=1024, dataset='adressa', dropout=0.0, epochs=10, eval_freq=2000, factor_num=32, gpu='7', lr=0.001, model='NeuMF-end', num_layers=3, num_ng=1, out=True, top_k=[3, 20]) 
config model NeuMF-end
config data path ../data/adressa/
config model path ./models/adressa/
user, item num
212231 6596
data loaded! user_num:212231, item_num:6596 train_data_len:419491 test_user_num:10380
/storage/wjwang/anaconda3/lib/python3.7/site-packages/torch/nn/_reduction.py:43: UserWarning: size_average and reduce args will be deprecated, please use reduction='none' instead.
  warnings.warn(warning.format(ret))
epoch: 2, iter: 2000, loss:0.05231744423508644
################### EVAL ######################
Eval loss:21.032817840576172
epoch: 4, iter: 4000, loss:0.01836685836315155
################### EVAL ######################
Eval loss:35.90049362182617
epoch: 7, iter: 6000, loss:0.008484197780489922
################### EVAL ######################
Eval loss:35.14844512939453
epoch: 9, iter: 8000, loss:0.004673617891967297
################### EVAL ######################
Eval loss:33.707393646240234
############################## Training End. ##############################
################### TEST ######################
Recall 0.1384-0.3100
NDCG 0.1207-0.1826
