arguments: Namespace(batch_size=1024, dataset='yelp', drop_rate=0.1, dropout=0.0, epochs=10, eval_freq=2000, exponent=1, factor_num=32, gpu='7', lr=0.001, model='GMF', num_gradual=30000, num_layers=3, num_ng=1, out=True, top_k=[50, 100]) 
config model GMF
config data path ../data/yelp/
config model path ./models/yelp/
user, item num
45548 57396
data loaded! user_num:45548, item_num:57396 train_data_len:1672520 test_user_num:45525
/storage/wjwang/anaconda3/lib/python3.7/site-packages/torch/nn/_reduction.py:43: UserWarning: size_average and reduce args will be deprecated, please use reduction='none' instead.
  warnings.warn(warning.format(ret))
epoch: 0, iter: 2000, loss:0.46089407801628113
################### EVAL ######################
Eval loss:187.44996643066406
epoch: 1, iter: 4000, loss:0.26833656430244446
################### EVAL ######################
Eval loss:122.44233703613281
epoch: 1, iter: 6000, loss:0.24396899342536926
################### EVAL ######################
Eval loss:100.26622009277344
epoch: 2, iter: 8000, loss:0.1663750261068344
################### EVAL ######################
Eval loss:89.07255554199219
epoch: 3, iter: 10000, loss:0.14608033001422882
################### EVAL ######################
Eval loss:81.51964569091797
epoch: 3, iter: 12000, loss:0.17593029141426086
################### EVAL ######################
Eval loss:76.54305267333984
epoch: 4, iter: 14000, loss:0.1634972244501114
################### EVAL ######################
Eval loss:72.31800842285156
epoch: 4, iter: 16000, loss:0.16285745799541473
################### EVAL ######################
Eval loss:68.71537780761719
epoch: 5, iter: 18000, loss:0.13298636674880981
################### EVAL ######################
Eval loss:65.53275299072266
epoch: 6, iter: 20000, loss:0.10414505004882812
################### EVAL ######################
Eval loss:63.9882698059082
epoch: 6, iter: 22000, loss:0.09008871763944626
################### EVAL ######################
Eval loss:59.59661865234375
epoch: 7, iter: 24000, loss:0.11382846534252167
################### EVAL ######################
Eval loss:59.420982360839844
epoch: 7, iter: 26000, loss:0.10147079080343246
################### EVAL ######################
Eval loss:55.50804138183594
epoch: 8, iter: 28000, loss:0.09608732163906097
################### EVAL ######################
Eval loss:53.74741744995117
epoch: 9, iter: 30000, loss:0.08829566836357117
################### EVAL ######################
Eval loss:52.12990951538086
epoch: 9, iter: 32000, loss:0.0783943235874176
################### EVAL ######################
Eval loss:52.304107666015625
############################## Training End. ##############################
################### TEST ######################
Recall 0.0871-0.1437
NDCG 0.0359-0.0486
