arguments: Namespace(batch_size=1024, dataset='yelp', drop_rate=0.2, dropout=0.0, epochs=10, eval_freq=2000, exponent=1, factor_num=32, gpu='7', lr=0.001, model='NeuMF-end', num_gradual=30000, num_layers=3, num_ng=1, out=True, top_k=[50, 100]) 
config model NeuMF-end
config data path ../data/yelp/
config model path ./models/yelp/
user, item num
45548 57396
data loaded! user_num:45548, item_num:57396 train_data_len:1672520 test_user_num:45525
/storage/wjwang/anaconda3/lib/python3.7/site-packages/torch/nn/_reduction.py:43: UserWarning: size_average and reduce args will be deprecated, please use reduction='none' instead.
  warnings.warn(warning.format(ret))
epoch: 0, iter: 2000, loss:0.40425989031791687
################### EVAL ######################
Eval loss:177.4768829345703
epoch: 1, iter: 4000, loss:0.22094182670116425
################### EVAL ######################
Eval loss:107.85204315185547
epoch: 1, iter: 6000, loss:0.18714644014835358
################### EVAL ######################
Eval loss:86.33841705322266
epoch: 2, iter: 8000, loss:0.17863813042640686
################### EVAL ######################
Eval loss:76.6102523803711
epoch: 3, iter: 10000, loss:0.13484375178813934
################### EVAL ######################
Eval loss:69.24668884277344
epoch: 3, iter: 12000, loss:0.12353316694498062
################### EVAL ######################
Eval loss:66.1745834350586
epoch: 4, iter: 14000, loss:0.08205065876245499
################### EVAL ######################
Eval loss:59.10723114013672
epoch: 4, iter: 16000, loss:0.10017894208431244
################### EVAL ######################
Eval loss:54.7275276184082
epoch: 5, iter: 18000, loss:0.09238865226507187
################### EVAL ######################
Eval loss:52.86666488647461
epoch: 6, iter: 20000, loss:0.07596281915903091
################### EVAL ######################
Eval loss:51.551597595214844
epoch: 6, iter: 22000, loss:0.08017368614673615
################### EVAL ######################
Eval loss:45.735958099365234
epoch: 7, iter: 24000, loss:0.058308977633714676
################### EVAL ######################
Eval loss:51.841033935546875
epoch: 7, iter: 26000, loss:0.04480206221342087
################### EVAL ######################
Eval loss:46.81453323364258
epoch: 8, iter: 28000, loss:0.05874615162611008
################### EVAL ######################
Eval loss:39.159034729003906
epoch: 9, iter: 30000, loss:0.02602352574467659
################### EVAL ######################
Eval loss:42.6151237487793
epoch: 9, iter: 32000, loss:0.05071047320961952
################### EVAL ######################
Eval loss:40.969425201416016
############################## Training End. ##############################
################### TEST ######################
Recall 0.0825-0.1396
NDCG 0.0323-0.0451
