arguments: Namespace(batch_size=1024, dataset='yelp', drop_rate=0.2, dropout=0.0, epochs=10, eval_freq=2000, exponent=1, factor_num=32, gpu='6', lr=0.001, model='NeuMF-end', num_gradual=3000, num_layers=3, num_ng=1, out=True, top_k=[50, 100]) 
config model NeuMF-end
config data path ../data/yelp/
config model path ./models/yelp/
user, item num
45548 57396
data loaded! user_num:45548, item_num:57396 train_data_len:1672520 test_user_num:45525
/storage/wjwang/anaconda3/lib/python3.7/site-packages/torch/nn/_reduction.py:43: UserWarning: size_average and reduce args will be deprecated, please use reduction='none' instead.
  warnings.warn(warning.format(ret))
epoch: 0, iter: 2000, loss:0.2471865564584732
################### EVAL ######################
Eval loss:110.31204986572266
epoch: 1, iter: 4000, loss:0.10988109558820724
################### EVAL ######################
Eval loss:53.38929748535156
epoch: 1, iter: 6000, loss:0.08749300241470337
################### EVAL ######################
Eval loss:45.811805725097656
epoch: 2, iter: 8000, loss:0.10924763977527618
################### EVAL ######################
Eval loss:45.096527099609375
epoch: 3, iter: 10000, loss:0.08957494795322418
################### EVAL ######################
Eval loss:42.209861755371094
epoch: 3, iter: 12000, loss:0.08276624232530594
################### EVAL ######################
Eval loss:40.77383041381836
epoch: 4, iter: 14000, loss:0.0670090764760971
################### EVAL ######################
Eval loss:41.47797393798828
epoch: 4, iter: 16000, loss:0.07263711094856262
################### EVAL ######################
Eval loss:40.03542709350586
epoch: 5, iter: 18000, loss:0.1231195405125618
################### EVAL ######################
Eval loss:40.2814826965332
epoch: 6, iter: 20000, loss:0.06305431574583054
################### EVAL ######################
Eval loss:41.008689880371094
epoch: 6, iter: 22000, loss:0.06925392150878906
################### EVAL ######################
Eval loss:39.11384201049805
epoch: 7, iter: 24000, loss:0.0756978914141655
################### EVAL ######################
Eval loss:43.0107421875
epoch: 7, iter: 26000, loss:0.04753420501947403
################### EVAL ######################
Eval loss:38.731536865234375
epoch: 8, iter: 28000, loss:0.06082688271999359
################### EVAL ######################
Eval loss:42.687835693359375
epoch: 9, iter: 30000, loss:0.04123377799987793
################### EVAL ######################
Eval loss:43.43440628051758
epoch: 9, iter: 32000, loss:0.05662734434008598
################### EVAL ######################
Eval loss:39.44709014892578
############################## Training End. ##############################
################### TEST ######################
Recall 0.0805-0.1348
NDCG 0.0317-0.0440
