arguments: Namespace(batch_size=1024, dataset='yelp', drop_rate=0.2, dropout=0.0, epochs=10, eval_freq=2000, exponent=1, factor_num=32, gpu='7', lr=0.001, model='NeuMF-end', num_gradual=1000, num_layers=3, num_ng=1, out=True, top_k=[50, 100]) 
config model NeuMF-end
config data path ../data/yelp/
config model path ./models/yelp/
user, item num
45548 57396
data loaded! user_num:45548, item_num:57396 train_data_len:1672520 test_user_num:45525
/storage/wjwang/anaconda3/lib/python3.7/site-packages/torch/nn/_reduction.py:43: UserWarning: size_average and reduce args will be deprecated, please use reduction='none' instead.
  warnings.warn(warning.format(ret))
epoch: 0, iter: 2000, loss:0.2105800211429596
################### EVAL ######################
Eval loss:93.51922607421875
epoch: 1, iter: 4000, loss:0.11586204171180725
################### EVAL ######################
Eval loss:59.88454055786133
epoch: 1, iter: 6000, loss:0.10286428034305573
################### EVAL ######################
Eval loss:50.354209899902344
epoch: 2, iter: 8000, loss:0.11545831710100174
################### EVAL ######################
Eval loss:48.424381256103516
epoch: 3, iter: 10000, loss:0.11061207205057144
################### EVAL ######################
Eval loss:45.056671142578125
epoch: 3, iter: 12000, loss:0.1428309679031372
################### EVAL ######################
Eval loss:44.215003967285156
epoch: 4, iter: 14000, loss:0.08440091460943222
################### EVAL ######################
Eval loss:44.74534225463867
epoch: 4, iter: 16000, loss:0.07178172469139099
################### EVAL ######################
Eval loss:43.938751220703125
epoch: 5, iter: 18000, loss:0.08952658623456955
################### EVAL ######################
Eval loss:43.51480484008789
epoch: 6, iter: 20000, loss:0.07167653739452362
################### EVAL ######################
Eval loss:44.02970886230469
epoch: 6, iter: 22000, loss:0.08925984799861908
################### EVAL ######################
Eval loss:42.19256591796875
epoch: 7, iter: 24000, loss:0.06874387711286545
################### EVAL ######################
Eval loss:45.14130401611328
epoch: 7, iter: 26000, loss:0.055577877908945084
################### EVAL ######################
Eval loss:41.7716064453125
epoch: 8, iter: 28000, loss:0.07318515330553055
################### EVAL ######################
Eval loss:44.39091110229492
epoch: 9, iter: 30000, loss:0.03834133967757225
################### EVAL ######################
Eval loss:46.61920166015625
epoch: 9, iter: 32000, loss:0.06074485555291176
################### EVAL ######################
Eval loss:43.97184753417969
############################## Training End. ##############################
################### TEST ######################
Recall 0.0793-0.1323
NDCG 0.0315-0.0435
