arguments: Namespace(batch_size=1024, dataset='yelp', drop_rate=0.1, dropout=0.0, epochs=10, eval_freq=2000, exponent=1, factor_num=32, gpu='7', lr=0.001, model='NeuMF-end', num_gradual=3000, num_layers=3, num_ng=1, out=True, top_k=[50, 100]) 
config model NeuMF-end
config data path ../data/yelp/
config model path ./models/yelp/
user, item num
45548 57396
data loaded! user_num:45548, item_num:57396 train_data_len:1672520 test_user_num:45525
/storage/wjwang/anaconda3/lib/python3.7/site-packages/torch/nn/_reduction.py:43: UserWarning: size_average and reduce args will be deprecated, please use reduction='none' instead.
  warnings.warn(warning.format(ret))
epoch: 0, iter: 2000, loss:0.3172813355922699
################### EVAL ######################
Eval loss:144.0537109375
epoch: 1, iter: 4000, loss:0.15952812135219574
################### EVAL ######################
Eval loss:80.2298355102539
epoch: 1, iter: 6000, loss:0.15005557239055634
################### EVAL ######################
Eval loss:68.37004089355469
epoch: 2, iter: 8000, loss:0.14996705949306488
################### EVAL ######################
Eval loss:65.8253173828125
epoch: 3, iter: 10000, loss:0.13345825672149658
################### EVAL ######################
Eval loss:63.24834060668945
epoch: 3, iter: 12000, loss:0.13252705335617065
################### EVAL ######################
Eval loss:62.439998626708984
epoch: 4, iter: 14000, loss:0.1011880412697792
################### EVAL ######################
Eval loss:61.94853591918945
epoch: 4, iter: 16000, loss:0.10902654379606247
################### EVAL ######################
Eval loss:62.44894790649414
epoch: 5, iter: 18000, loss:0.13691139221191406
################### EVAL ######################
Eval loss:62.52302932739258
epoch: 6, iter: 20000, loss:0.0979229211807251
################### EVAL ######################
Eval loss:65.92446899414062
epoch: 6, iter: 22000, loss:0.07902943342924118
################### EVAL ######################
Eval loss:65.09441375732422
epoch: 7, iter: 24000, loss:0.10279825329780579
################### EVAL ######################
Eval loss:71.88843536376953
epoch: 7, iter: 26000, loss:0.05856168642640114
################### EVAL ######################
Eval loss:68.31517791748047
epoch: 8, iter: 28000, loss:0.07776810228824615
################### EVAL ######################
Eval loss:72.21613311767578
epoch: 9, iter: 30000, loss:0.06300127506256104
################### EVAL ######################
Eval loss:77.93891906738281
epoch: 9, iter: 32000, loss:0.08473861962556839
################### EVAL ######################
Eval loss:70.3502197265625
############################## Training End. ##############################
################### TEST ######################
Recall 0.0775-0.1270
NDCG 0.0308-0.0421
