arguments: Namespace(batch_size=1024, dataset='yelp', drop_rate=0.1, dropout=0.0, epochs=10, eval_freq=2000, exponent=1, factor_num=32, gpu='7', lr=0.001, model='NeuMF-end', num_gradual=30000, num_layers=3, num_ng=1, out=True, top_k=[50, 100]) 
config model NeuMF-end
config data path ../data/yelp/
config model path ./models/yelp/
user, item num
45548 57396
data loaded! user_num:45548, item_num:57396 train_data_len:1672520 test_user_num:45525
/storage/wjwang/anaconda3/lib/python3.7/site-packages/torch/nn/_reduction.py:43: UserWarning: size_average and reduce args will be deprecated, please use reduction='none' instead.
  warnings.warn(warning.format(ret))
epoch: 0, iter: 2000, loss:0.42106419801712036
################### EVAL ######################
Eval loss:181.7774200439453
epoch: 1, iter: 4000, loss:0.23584774136543274
################### EVAL ######################
Eval loss:115.1523208618164
epoch: 1, iter: 6000, loss:0.22202061116695404
################### EVAL ######################
Eval loss:95.44426727294922
epoch: 2, iter: 8000, loss:0.18347427248954773
################### EVAL ######################
Eval loss:87.89523315429688
epoch: 3, iter: 10000, loss:0.14465977251529694
################### EVAL ######################
Eval loss:84.1259765625
epoch: 3, iter: 12000, loss:0.15486100316047668
################### EVAL ######################
Eval loss:79.60221099853516
epoch: 4, iter: 14000, loss:0.11593983322381973
################### EVAL ######################
Eval loss:77.81266021728516
epoch: 4, iter: 16000, loss:0.1251419484615326
################### EVAL ######################
Eval loss:72.94774627685547
epoch: 5, iter: 18000, loss:0.10350567102432251
################### EVAL ######################
Eval loss:76.84615325927734
epoch: 6, iter: 20000, loss:0.09437896311283112
################### EVAL ######################
Eval loss:84.88186645507812
epoch: 6, iter: 22000, loss:0.10183814913034439
################### EVAL ######################
Eval loss:74.6073226928711
epoch: 7, iter: 24000, loss:0.0901218056678772
################### EVAL ######################
Eval loss:86.0077133178711
epoch: 7, iter: 26000, loss:0.0627327412366867
################### EVAL ######################
Eval loss:81.34429931640625
epoch: 8, iter: 28000, loss:0.07196473330259323
################### EVAL ######################
Eval loss:74.07967376708984
epoch: 9, iter: 30000, loss:0.0353347584605217
################### EVAL ######################
Eval loss:91.5518798828125
epoch: 9, iter: 32000, loss:0.0764966756105423
################### EVAL ######################
Eval loss:80.55734252929688
############################## Training End. ##############################
################### TEST ######################
Recall 0.0753-0.1277
NDCG 0.0301-0.0419
